Using pre-set license
Built from '2022.3/staging' branch; Version is '2022.3.3f1 (7cdc2969a641) revision 8182825'; Using compiler version '192829333'; Build Type 'Release'
OS: 'Windows 11  (10.0.26100) 64bit Core' Language: 'en' Physical Memory: 15790 MB
BatchMode: 1, IsHumanControllingUs: 0, StartBugReporterOnCrash: 0, Is64bit: 1, IsPro: 1

COMMAND LINE ARGUMENTS:
C:\Program Files\Unity\Hub\Editor\2022.3.3f1\Editor\Unity.exe
-adb2
-batchMode
-noUpm
-name
AssetImportWorker3
-projectPath
C:/Users/Angst/Saved Games/Fighter Planes Spring 2025 Week 13/Fighter Planes Spring 2025
-logFile
Logs/AssetImportWorker3.log
-srvPort
52452
Successfully changed project path to: C:/Users/Angst/Saved Games/Fighter Planes Spring 2025 Week 13/Fighter Planes Spring 2025
C:/Users/Angst/Saved Games/Fighter Planes Spring 2025 Week 13/Fighter Planes Spring 2025
[UnityMemory] Configuration Parameters - Can be set up in boot.config
    "memorysetup-bucket-allocator-granularity=16"
    "memorysetup-bucket-allocator-bucket-count=8"
    "memorysetup-bucket-allocator-block-size=33554432"
    "memorysetup-bucket-allocator-block-count=8"
    "memorysetup-main-allocator-block-size=16777216"
    "memorysetup-thread-allocator-block-size=16777216"
    "memorysetup-gfx-main-allocator-block-size=16777216"
    "memorysetup-gfx-thread-allocator-block-size=16777216"
    "memorysetup-cache-allocator-block-size=4194304"
    "memorysetup-typetree-allocator-block-size=2097152"
    "memorysetup-profiler-bucket-allocator-granularity=16"
    "memorysetup-profiler-bucket-allocator-bucket-count=8"
    "memorysetup-profiler-bucket-allocator-block-size=33554432"
    "memorysetup-profiler-bucket-allocator-block-count=8"
    "memorysetup-profiler-allocator-block-size=16777216"
    "memorysetup-profiler-editor-allocator-block-size=1048576"
    "memorysetup-temp-allocator-size-main=16777216"
    "memorysetup-job-temp-allocator-block-size=2097152"
    "memorysetup-job-temp-allocator-block-size-background=1048576"
    "memorysetup-job-temp-allocator-reduction-small-platforms=262144"
    "memorysetup-allocator-temp-initial-block-size-main=262144"
    "memorysetup-allocator-temp-initial-block-size-worker=262144"
    "memorysetup-temp-allocator-size-background-worker=32768"
    "memorysetup-temp-allocator-size-job-worker=262144"
    "memorysetup-temp-allocator-size-preload-manager=33554432"
    "memorysetup-temp-allocator-size-nav-mesh-worker=65536"
    "memorysetup-temp-allocator-size-audio-worker=65536"
    "memorysetup-temp-allocator-size-cloud-worker=32768"
    "memorysetup-temp-allocator-size-gi-baking-worker=262144"
    "memorysetup-temp-allocator-size-gfx=262144"
Player connection [33544] Host "[IP] 10.40.11.33 [Port] 0 [Flags] 2 [Guid] 1811304664 [EditorId] 1811304664 [Version] 1048832 [Id] WindowsEditor(7,AESqo_Laptop) [Debug] 1 [PackageName] WindowsEditor [ProjectName] Editor" joined multi-casting on [225.0.0.222:54997]...

Player connection [33544] Host "[IP] 10.40.11.33 [Port] 0 [Flags] 2 [Guid] 1811304664 [EditorId] 1811304664 [Version] 1048832 [Id] WindowsEditor(7,AESqo_Laptop) [Debug] 1 [PackageName] WindowsEditor [ProjectName] Editor" joined alternative multi-casting on [225.0.0.222:34997]...

Refreshing native plugins compatible for Editor in 16.05 ms, found 3 plugins.
Preloading 0 native plugins for Editor in 0.00 ms.
Initialize engine version: 2022.3.3f1 (7cdc2969a641)
[Subsystems] Discovering subsystems at path C:/Program Files/Unity/Hub/Editor/2022.3.3f1/Editor/Data/Resources/UnitySubsystems
[Subsystems] Discovering subsystems at path C:/Users/Angst/Saved Games/Fighter Planes Spring 2025 Week 13/Fighter Planes Spring 2025/Assets
GfxDevice: creating device client; threaded=0; jobified=0
Direct3D:
    Version:  Direct3D 11.0 [level 11.1]
    Renderer: NVIDIA GeForce RTX 3050 Laptop GPU (ID=0x25a2)
    Vendor:   NVIDIA
    VRAM:     3964 MB
    Driver:   32.0.15.6607
Initialize mono
Mono path[0] = 'C:/Program Files/Unity/Hub/Editor/2022.3.3f1/Editor/Data/Managed'
Mono path[1] = 'C:/Program Files/Unity/Hub/Editor/2022.3.3f1/Editor/Data/MonoBleedingEdge/lib/mono/unityjit-win32'
Mono config path = 'C:/Program Files/Unity/Hub/Editor/2022.3.3f1/Editor/Data/MonoBleedingEdge/etc'
Using monoOptions --debugger-agent=transport=dt_socket,embedding=1,server=y,suspend=n,address=127.0.0.1:56368
Begin MonoManager ReloadAssembly
Registering precompiled unity dll's ...
Register platform support module: C:/Program Files/Unity/Hub/Editor/2022.3.3f1/Editor/Data/PlaybackEngines/WebGLSupport/UnityEditor.WebGL.Extensions.dll
Register platform support module: C:/Program Files/Unity/Hub/Editor/2022.3.3f1/Editor/Data/PlaybackEngines/WindowsStandaloneSupport/UnityEditor.WindowsStandalone.Extensions.dll
Registered in 0.010331 seconds.
- Loaded All Assemblies, in  0.344 seconds
Native extension for WindowsStandalone target not found
Native extension for WebGL target not found
Mono: successfully reloaded assembly
- Finished resetting the current domain, in  0.251 seconds
Domain Reload Profiling: 594ms
	BeginReloadAssembly (89ms)
		ExecutionOrderSort (0ms)
		DisableScriptedObjects (0ms)
		BackupInstance (0ms)
		ReleaseScriptingObjects (0ms)
		CreateAndSetChildDomain (1ms)
	RebuildCommonClasses (33ms)
	RebuildNativeTypeToScriptingClass (11ms)
	initialDomainReloadingComplete (63ms)
	LoadAllAssembliesAndSetupDomain (146ms)
		LoadAssemblies (87ms)
		RebuildTransferFunctionScriptingTraits (0ms)
		AnalyzeDomain (138ms)
			TypeCache.Refresh (137ms)
				TypeCache.ScanAssembly (126ms)
			ScanForSourceGeneratedMonoScriptInfo (0ms)
			ResolveRequiredComponents (1ms)
	FinalizeReload (252ms)
		ReleaseScriptCaches (0ms)
		RebuildScriptCaches (0ms)
		SetupLoadedEditorAssemblies (195ms)
			LogAssemblyErrors (0ms)
			InitializePlatformSupportModulesInManaged (11ms)
			SetLoadedEditorAssemblies (5ms)
			RefreshPlugins (0ms)
			BeforeProcessingInitializeOnLoad (2ms)
			ProcessInitializeOnLoadAttributes (129ms)
			ProcessInitializeOnLoadMethodAttributes (47ms)
			AfterProcessingInitializeOnLoad (0ms)
			EditorAssembliesLoaded (0ms)
		ExecutionOrderSort2 (0ms)
		AwakeInstancesAfterBackupRestoration (0ms)
========================================================================
Worker process is ready to serve import requests
Begin MonoManager ReloadAssembly
- Loaded All Assemblies, in  0.732 seconds
Refreshing native plugins compatible for Editor in 4.31 ms, found 3 plugins.
Native extension for WindowsStandalone target not found
Native extension for WebGL target not found
Mono: successfully reloaded assembly
- Finished resetting the current domain, in  0.499 seconds
Domain Reload Profiling: 1227ms
	BeginReloadAssembly (123ms)
		ExecutionOrderSort (0ms)
		DisableScriptedObjects (5ms)
		BackupInstance (0ms)
		ReleaseScriptingObjects (0ms)
		CreateAndSetChildDomain (21ms)
	RebuildCommonClasses (31ms)
	RebuildNativeTypeToScriptingClass (10ms)
	initialDomainReloadingComplete (42ms)
	LoadAllAssembliesAndSetupDomain (520ms)
		LoadAssemblies (304ms)
		RebuildTransferFunctionScriptingTraits (0ms)
		AnalyzeDomain (273ms)
			TypeCache.Refresh (257ms)
				TypeCache.ScanAssembly (245ms)
			ScanForSourceGeneratedMonoScriptInfo (12ms)
			ResolveRequiredComponents (4ms)
	FinalizeReload (500ms)
		ReleaseScriptCaches (0ms)
		RebuildScriptCaches (0ms)
		SetupLoadedEditorAssemblies (357ms)
			LogAssemblyErrors (0ms)
			InitializePlatformSupportModulesInManaged (8ms)
			SetLoadedEditorAssemblies (3ms)
			RefreshPlugins (0ms)
			BeforeProcessingInitializeOnLoad (54ms)
			ProcessInitializeOnLoadAttributes (266ms)
			ProcessInitializeOnLoadMethodAttributes (18ms)
			AfterProcessingInitializeOnLoad (8ms)
			EditorAssembliesLoaded (0ms)
		ExecutionOrderSort2 (0ms)
		AwakeInstancesAfterBackupRestoration (7ms)
Launched and connected shader compiler UnityShaderCompiler.exe after 0.04 seconds
Refreshing native plugins compatible for Editor in 5.19 ms, found 3 plugins.
Preloading 0 native plugins for Editor in 0.00 ms.
Unloading 3137 Unused Serialized files (Serialized files now loaded: 0)
Unloading 33 unused Assets / (56.9 KB). Loaded Objects now: 3600.
Memory consumption went from 120.7 MB to 120.7 MB.
Total: 3.236900 ms (FindLiveObjects: 0.323800 ms CreateObjectMapping: 0.112200 ms MarkObjects: 2.675500 ms  DeleteObjects: 0.123500 ms)

AssetImportParameters requested are different than current active one (requested -> active):
  custom:container-demuxer-ogg: 62fdf1f143b41e24485cea50d1cbac27 -> 
  custom:video-codec-MediaFoundation-h265: 746d11721c4dcdbdad8f713fa42b33f4 -> 
  custom:video-decoder-ogg-theora: a1e56fd34408186e4bbccfd4996cb3dc -> 
  custom:framework-win-MediaFoundation: 216162199b28c13a410421893ffa2e32 -> 
  custom:container-demuxer-webm: 4f35f7cbe854078d1ac9338744f61a02 -> 
  custom:container-muxer-webm: aa71ff27fc2769a1b78a27578f13a17b -> 
  custom:video-decoder-webm-vp8: 9c59270c3fd7afecdb556c50c9e8de78 -> 
  custom:AudioImporter_EditorPlatform: d09bf68614088b80899f8185d706f6e7 -> 
  custom:video-encoder-webm-vp8: eb34c28f22e8b96e1ab97ce403110664 -> 
  custom:audio-decoder-ogg-vorbis: bf7c407c2cedff20999df2af8eb42d56 -> 
  custom:audio-encoder-webm-vorbis: bf7c407c2cedff20999df2af8eb42d56 -> 
========================================================================
Received Import Request.
  Time since last request: 242427.682111 seconds.
  path: Assets/Sprites/Explosion/Explosion_00005.png
  artifactKey: Guid(96436914e71f02a4191cf6199ad49219) Importer(815301076,1909f56bfc062723c751e8b465ee728b)
Start importing Assets/Sprites/Explosion/Explosion_00005.png using Guid(96436914e71f02a4191cf6199ad49219) Importer(815301076,1909f56bfc062723c751e8b465ee728b)  -> (artifact id: '058ea6b8473bfc7b301777635d933085') in 0.097871 seconds
Number of updated asset objects reloaded before import = 0
Number of asset objects unloaded after import = 3
========================================================================
Received Import Request.
  Time since last request: 0.000041 seconds.
  path: Assets/Sprites/Explosion/Explosion_00012.png
  artifactKey: Guid(179e839bb185bde49b4fe0e67b5a5b9b) Importer(815301076,1909f56bfc062723c751e8b465ee728b)
Start importing Assets/Sprites/Explosion/Explosion_00012.png using Guid(179e839bb185bde49b4fe0e67b5a5b9b) Importer(815301076,1909f56bfc062723c751e8b465ee728b)  -> (artifact id: 'a556c2a47d7c4d551ac1c8929f2f04bb') in 0.029773 seconds
Number of updated asset objects reloaded before import = 0
Number of asset objects unloaded after import = 3
========================================================================
Received Import Request.
  Time since last request: 0.000051 seconds.
  path: Assets/Sprites/Explosion/Explosion_00008.png
  artifactKey: Guid(3acb9f81cb328194eb5bc35e0f79502f) Importer(815301076,1909f56bfc062723c751e8b465ee728b)
Start importing Assets/Sprites/Explosion/Explosion_00008.png using Guid(3acb9f81cb328194eb5bc35e0f79502f) Importer(815301076,1909f56bfc062723c751e8b465ee728b)  -> (artifact id: '7199c65daee8758bb4c3f7ae61a608ed') in 0.032035 seconds
Number of updated asset objects reloaded before import = 0
Number of asset objects unloaded after import = 3
========================================================================
Received Import Request.
  Time since last request: 0.000027 seconds.
  path: Assets/Sprites/Explosion/Explosion_00007.png
  artifactKey: Guid(79c4e9fb1a856cc4fb8c454c1cfdd503) Importer(815301076,1909f56bfc062723c751e8b465ee728b)
Start importing Assets/Sprites/Explosion/Explosion_00007.png using Guid(79c4e9fb1a856cc4fb8c454c1cfdd503) Importer(815301076,1909f56bfc062723c751e8b465ee728b)  -> (artifact id: 'f3a2ab00887bd815bd7abe159da70fbc') in 0.028868 seconds
Number of updated asset objects reloaded before import = 0
Number of asset objects unloaded after import = 3
========================================================================
Received Import Request.
  Time since last request: 0.000024 seconds.
  path: Assets/Sprites/Explosion/Explosion_00006.png
  artifactKey: Guid(87995f2cc4b42ae4a8a64e0168f670fe) Importer(815301076,1909f56bfc062723c751e8b465ee728b)
Start importing Assets/Sprites/Explosion/Explosion_00006.png using Guid(87995f2cc4b42ae4a8a64e0168f670fe) Importer(815301076,1909f56bfc062723c751e8b465ee728b)  -> (artifact id: 'cbe89b604b74aa29a32630f4269bd2ab') in 0.024557 seconds
Number of updated asset objects reloaded before import = 0
Number of asset objects unloaded after import = 3
========================================================================
Received Import Request.
  Time since last request: 0.000020 seconds.
  path: Assets/Sprites/Explosion/Explosion_00016.png
  artifactKey: Guid(aaaa9966750e6714e8fb66ed9c3f336a) Importer(815301076,1909f56bfc062723c751e8b465ee728b)
Start importing Assets/Sprites/Explosion/Explosion_00016.png using Guid(aaaa9966750e6714e8fb66ed9c3f336a) Importer(815301076,1909f56bfc062723c751e8b465ee728b)  -> (artifact id: '5f11d1be644dc8303c12dbb77a3c56a2') in 0.027287 seconds
Number of updated asset objects reloaded before import = 0
Number of asset objects unloaded after import = 3
========================================================================
Received Import Request.
  Time since last request: 0.000035 seconds.
  path: Assets/Sprites/Explosion/Explosion_00014.png
  artifactKey: Guid(fa6f7c2ffadb4364f93516a14002366e) Importer(815301076,1909f56bfc062723c751e8b465ee728b)
Start importing Assets/Sprites/Explosion/Explosion_00014.png using Guid(fa6f7c2ffadb4364f93516a14002366e) Importer(815301076,1909f56bfc062723c751e8b465ee728b)  -> (artifact id: '6be585d8458612f89064dad85a206e17') in 0.026585 seconds
Number of updated asset objects reloaded before import = 0
Number of asset objects unloaded after import = 3
========================================================================
Received Import Request.
  Time since last request: 0.126020 seconds.
  path: Assets/Sprites/Explosion/Explosion_00019.png
  artifactKey: Guid(f73db24a204763643a6fa195da802179) Importer(815301076,1909f56bfc062723c751e8b465ee728b)
Start importing Assets/Sprites/Explosion/Explosion_00019.png using Guid(f73db24a204763643a6fa195da802179) Importer(815301076,1909f56bfc062723c751e8b465ee728b)  -> (artifact id: '2948c4ff7fe30d2df76ab8859367a89b') in 0.025094 seconds
Number of updated asset objects reloaded before import = 0
Number of asset objects unloaded after import = 3
========================================================================
Received Import Request.
  Time since last request: 0.000019 seconds.
  path: Assets/Sprites/Explosion/Explosion_00020.png
  artifactKey: Guid(742b2698c1f5d114f88f3d2ce4cfe802) Importer(815301076,1909f56bfc062723c751e8b465ee728b)
Start importing Assets/Sprites/Explosion/Explosion_00020.png using Guid(742b2698c1f5d114f88f3d2ce4cfe802) Importer(815301076,1909f56bfc062723c751e8b465ee728b)  -> (artifact id: 'db2a09df13489dcf55b269ad2002c595') in 0.031521 seconds
Number of updated asset objects reloaded before import = 0
Number of asset objects unloaded after import = 3
========================================================================
Received Import Request.
  Time since last request: 0.028143 seconds.
  path: Assets/Sprites/Explosion/Explosion_00023.png
  artifactKey: Guid(6732faa2b169fd245bdeaf2135d15e0c) Importer(815301076,1909f56bfc062723c751e8b465ee728b)
Start importing Assets/Sprites/Explosion/Explosion_00023.png using Guid(6732faa2b169fd245bdeaf2135d15e0c) Importer(815301076,1909f56bfc062723c751e8b465ee728b)  -> (artifact id: 'd8ae34bb00edf04423a8046a49dc4cba') in 0.030822 seconds
Number of updated asset objects reloaded before import = 0
Number of asset objects unloaded after import = 3
========================================================================
Received Import Request.
  Time since last request: 0.000027 seconds.
  path: Assets/Sprites/Explosion/Explosion_00024.png
  artifactKey: Guid(d31b68f5924a35441b1d3a7429bd50bd) Importer(815301076,1909f56bfc062723c751e8b465ee728b)
Start importing Assets/Sprites/Explosion/Explosion_00024.png using Guid(d31b68f5924a35441b1d3a7429bd50bd) Importer(815301076,1909f56bfc062723c751e8b465ee728b)  -> (artifact id: '029becc0d046409a1a4f44ae8bb2ade0') in 0.025448 seconds
Number of updated asset objects reloaded before import = 0
Number of asset objects unloaded after import = 3
========================================================================
Received Import Request.
  Time since last request: 0.236767 seconds.
  path: Assets/Sprites/Explosion/Explosion_00027.png
  artifactKey: Guid(a0db1ad2cdda5914dafbab548d99e5ab) Importer(815301076,1909f56bfc062723c751e8b465ee728b)
Start importing Assets/Sprites/Explosion/Explosion_00027.png using Guid(a0db1ad2cdda5914dafbab548d99e5ab) Importer(815301076,1909f56bfc062723c751e8b465ee728b)  -> (artifact id: 'b6398d3e6ef203cb5912b87f1d76420c') in 0.026700 seconds
Number of updated asset objects reloaded before import = 0
Number of asset objects unloaded after import = 3
========================================================================
Received Import Request.
  Time since last request: 0.000100 seconds.
  path: Assets/Sprites/Explosion/Explosion_00029.png
  artifactKey: Guid(98e4a6882acdcda4fa0234b8ec4b169e) Importer(815301076,1909f56bfc062723c751e8b465ee728b)
Start importing Assets/Sprites/Explosion/Explosion_00029.png using Guid(98e4a6882acdcda4fa0234b8ec4b169e) Importer(815301076,1909f56bfc062723c751e8b465ee728b)  -> (artifact id: '09aa31f6cb0e86ce062910b2db617e29') in 0.027462 seconds
Number of updated asset objects reloaded before import = 0
Number of asset objects unloaded after import = 3
========================================================================
Received Import Request.
  Time since last request: 0.024943 seconds.
  path: Assets/Sprites/Explosion/Explosion_00031.png
  artifactKey: Guid(4a3aa3a2808b3504d92c57f7dd2d0595) Importer(815301076,1909f56bfc062723c751e8b465ee728b)
Start importing Assets/Sprites/Explosion/Explosion_00031.png using Guid(4a3aa3a2808b3504d92c57f7dd2d0595) Importer(815301076,1909f56bfc062723c751e8b465ee728b)  -> (artifact id: '1b8aa18ae69a371b907790a3e30934e2') in 0.028146 seconds
Number of updated asset objects reloaded before import = 0
Number of asset objects unloaded after import = 3
========================================================================
Received Import Request.
  Time since last request: 0.074219 seconds.
  path: Assets/Sprites/Explosion/Explosion_00033.png
  artifactKey: Guid(d8b6dc29c16fcb94b8337c06b537efb8) Importer(815301076,1909f56bfc062723c751e8b465ee728b)
Start importing Assets/Sprites/Explosion/Explosion_00033.png using Guid(d8b6dc29c16fcb94b8337c06b537efb8) Importer(815301076,1909f56bfc062723c751e8b465ee728b)  -> (artifact id: '844ee8e314f35cf22ce6b040c26c5619') in 0.030494 seconds
Number of updated asset objects reloaded before import = 0
Number of asset objects unloaded after import = 3
========================================================================
Received Import Request.
  Time since last request: 0.000031 seconds.
  path: Assets/Sprites/Explosion/Explosion_00034.png
  artifactKey: Guid(45782891bf9370d41b1198118010f704) Importer(815301076,1909f56bfc062723c751e8b465ee728b)
Start importing Assets/Sprites/Explosion/Explosion_00034.png using Guid(45782891bf9370d41b1198118010f704) Importer(815301076,1909f56bfc062723c751e8b465ee728b)  -> (artifact id: 'f8a9d296f48212ee8bd83c116f825120') in 0.031605 seconds
Number of updated asset objects reloaded before import = 0
Number of asset objects unloaded after import = 3
========================================================================
Received Import Request.
  Time since last request: 0.028224 seconds.
  path: Assets/Sprites/Explosion/Explosion_00037.png
  artifactKey: Guid(67cd81fc8a4a95044a6aad79676ff187) Importer(815301076,1909f56bfc062723c751e8b465ee728b)
Start importing Assets/Sprites/Explosion/Explosion_00037.png using Guid(67cd81fc8a4a95044a6aad79676ff187) Importer(815301076,1909f56bfc062723c751e8b465ee728b)  -> (artifact id: '5c62e86945fd9293ccbf0bf82fa2a230') in 0.030917 seconds
Number of updated asset objects reloaded before import = 0
Number of asset objects unloaded after import = 3
========================================================================
Received Import Request.
  Time since last request: 0.000023 seconds.
  path: Assets/Sprites/Explosion/Explosion_00040.png
  artifactKey: Guid(a55ac6e12a396154a85b4005d63d8952) Importer(815301076,1909f56bfc062723c751e8b465ee728b)
Start importing Assets/Sprites/Explosion/Explosion_00040.png using Guid(a55ac6e12a396154a85b4005d63d8952) Importer(815301076,1909f56bfc062723c751e8b465ee728b)  -> (artifact id: 'a06203166ef56a1ce546292688ae1b03') in 0.030856 seconds
Number of updated asset objects reloaded before import = 0
Number of asset objects unloaded after import = 3
========================================================================
Received Import Request.
  Time since last request: 0.000029 seconds.
  path: Assets/Sprites/Explosion/Explosion_00041.png
  artifactKey: Guid(f4ba384fbbf8c0145b2ddf3ec1e3986b) Importer(815301076,1909f56bfc062723c751e8b465ee728b)
Start importing Assets/Sprites/Explosion/Explosion_00041.png using Guid(f4ba384fbbf8c0145b2ddf3ec1e3986b) Importer(815301076,1909f56bfc062723c751e8b465ee728b)  -> (artifact id: '03e114234dd1544ed7d7541c2ea80ba2') in 0.030690 seconds
Number of updated asset objects reloaded before import = 0
Number of asset objects unloaded after import = 3
========================================================================
Received Import Request.
  Time since last request: 0.000042 seconds.
  path: Assets/Sprites/Explosion/Explosion_00043.png
  artifactKey: Guid(a9fa830a7c83fe243959e71025902699) Importer(815301076,1909f56bfc062723c751e8b465ee728b)
Start importing Assets/Sprites/Explosion/Explosion_00043.png using Guid(a9fa830a7c83fe243959e71025902699) Importer(815301076,1909f56bfc062723c751e8b465ee728b)  -> (artifact id: '29f791f50fdcc04cdab06d9866a60c0d') in 0.031281 seconds
Number of updated asset objects reloaded before import = 0
Number of asset objects unloaded after import = 3
========================================================================
Received Import Request.
  Time since last request: 0.000037 seconds.
  path: Assets/Sprites/Explosion/Explosion_00044.png
  artifactKey: Guid(bfdbfd82308e4db4ba188923a65dcc5c) Importer(815301076,1909f56bfc062723c751e8b465ee728b)
Start importing Assets/Sprites/Explosion/Explosion_00044.png using Guid(bfdbfd82308e4db4ba188923a65dcc5c) Importer(815301076,1909f56bfc062723c751e8b465ee728b)  -> (artifact id: '2c9c66e8949d30382e2bee10e543d0f3') in 0.051104 seconds
Number of updated asset objects reloaded before import = 0
Number of asset objects unloaded after import = 3
========================================================================
Received Import Request.
  Time since last request: 0.004967 seconds.
  path: Assets/Sprites/Explosion/Explosion_00047.png
  artifactKey: Guid(a0c5f6303f802104ca6011deeebeaaf6) Importer(815301076,1909f56bfc062723c751e8b465ee728b)
Start importing Assets/Sprites/Explosion/Explosion_00047.png using Guid(a0c5f6303f802104ca6011deeebeaaf6) Importer(815301076,1909f56bfc062723c751e8b465ee728b)  -> (artifact id: 'ce27bdf131eb92ae8147c6e93c2927c4') in 0.032775 seconds
Number of updated asset objects reloaded before import = 0
Number of asset objects unloaded after import = 3
========================================================================
Received Import Request.
  Time since last request: 0.000034 seconds.
  path: Assets/Sprites/Explosion/Explosion_00048.png
  artifactKey: Guid(c62552ec3a8eb16438e6b2c6c7f36c56) Importer(815301076,1909f56bfc062723c751e8b465ee728b)
Start importing Assets/Sprites/Explosion/Explosion_00048.png using Guid(c62552ec3a8eb16438e6b2c6c7f36c56) Importer(815301076,1909f56bfc062723c751e8b465ee728b)  -> (artifact id: '08ca4df134d7d5405c9ee4116ae8a47d') in 0.031607 seconds
Number of updated asset objects reloaded before import = 0
Number of asset objects unloaded after import = 3
========================================================================
Received Import Request.
  Time since last request: 0.026254 seconds.
  path: Assets/Sprites/Explosion/Explosion_00051.png
  artifactKey: Guid(1d22e6cd0ae6c6e4984129617f6ecd56) Importer(815301076,1909f56bfc062723c751e8b465ee728b)
Start importing Assets/Sprites/Explosion/Explosion_00051.png using Guid(1d22e6cd0ae6c6e4984129617f6ecd56) Importer(815301076,1909f56bfc062723c751e8b465ee728b)  -> (artifact id: '1872b84bc4d9c49f6b85262567ae77ce') in 0.033974 seconds
Number of updated asset objects reloaded before import = 0
Number of asset objects unloaded after import = 3
========================================================================
Received Import Request.
  Time since last request: 0.047344 seconds.
  path: Assets/Sprites/Explosion/Explosion_00053.png
  artifactKey: Guid(cc44fab072ed511408e98927fa19d054) Importer(815301076,1909f56bfc062723c751e8b465ee728b)
Start importing Assets/Sprites/Explosion/Explosion_00053.png using Guid(cc44fab072ed511408e98927fa19d054) Importer(815301076,1909f56bfc062723c751e8b465ee728b)  -> (artifact id: 'f70cf961f9301be19e1b89489491ec1e') in 0.043392 seconds
Number of updated asset objects reloaded before import = 0
Number of asset objects unloaded after import = 3
========================================================================
Received Import Request.
  Time since last request: 0.000035 seconds.
  path: Assets/Sprites/Explosion/Explosion_00055.png
  artifactKey: Guid(a2e8e10df54c77f44b9a2b28773e22c5) Importer(815301076,1909f56bfc062723c751e8b465ee728b)
Start importing Assets/Sprites/Explosion/Explosion_00055.png using Guid(a2e8e10df54c77f44b9a2b28773e22c5) Importer(815301076,1909f56bfc062723c751e8b465ee728b)  -> (artifact id: '8367b460dab7149306c02303649c593b') in 0.034804 seconds
Number of updated asset objects reloaded before import = 0
Number of asset objects unloaded after import = 3
========================================================================
Received Import Request.
  Time since last request: 0.020071 seconds.
  path: Assets/Sprites/Explosion/Explosion_00057.png
  artifactKey: Guid(fbcbb0b31ce5fb64bb7acc662cd389ea) Importer(815301076,1909f56bfc062723c751e8b465ee728b)
Start importing Assets/Sprites/Explosion/Explosion_00057.png using Guid(fbcbb0b31ce5fb64bb7acc662cd389ea) Importer(815301076,1909f56bfc062723c751e8b465ee728b)  -> (artifact id: 'b3c78ef50be0b5e784e8d8450612d181') in 0.030957 seconds
Number of updated asset objects reloaded before import = 0
Number of asset objects unloaded after import = 3
========================================================================
Received Import Request.
  Time since last request: 3.314717 seconds.
  path: Assets/Sprites/Explosion/Explosion_00061.png
  artifactKey: Guid(02459df26ec212e40a1bcba60d3c40f2) Importer(815301076,1909f56bfc062723c751e8b465ee728b)
Start importing Assets/Sprites/Explosion/Explosion_00061.png using Guid(02459df26ec212e40a1bcba60d3c40f2) Importer(815301076,1909f56bfc062723c751e8b465ee728b)  -> (artifact id: '8f16efa524cec9fdaf0ccd9a5cee0cbf') in 0.027526 seconds
Number of updated asset objects reloaded before import = 0
Number of asset objects unloaded after import = 3
========================================================================
Received Import Request.
  Time since last request: 0.000025 seconds.
  path: Assets/Sprites/Explosion/Explosion_00063.png
  artifactKey: Guid(7a60103352aaa634894b656334fe3c1c) Importer(815301076,1909f56bfc062723c751e8b465ee728b)
Start importing Assets/Sprites/Explosion/Explosion_00063.png using Guid(7a60103352aaa634894b656334fe3c1c) Importer(815301076,1909f56bfc062723c751e8b465ee728b)  -> (artifact id: '6a215afdf644f968051df185446af210') in 0.029908 seconds
Number of updated asset objects reloaded before import = 0
Number of asset objects unloaded after import = 3
========================================================================
Received Import Request.
  Time since last request: 0.000022 seconds.
  path: Assets/Sprites/Explosion/Explosion_00066.png
  artifactKey: Guid(afb22d5bf0b3b104b8a84183f2c1802a) Importer(815301076,1909f56bfc062723c751e8b465ee728b)
Start importing Assets/Sprites/Explosion/Explosion_00066.png using Guid(afb22d5bf0b3b104b8a84183f2c1802a) Importer(815301076,1909f56bfc062723c751e8b465ee728b)  -> (artifact id: '6d00df5fe7f4211ff96a134660dc9e0e') in 0.028534 seconds
Number of updated asset objects reloaded before import = 0
Number of asset objects unloaded after import = 3
========================================================================
Received Import Request.
  Time since last request: 0.004794 seconds.
  path: Assets/Sprites/Explosion/Explosion_00073.png
  artifactKey: Guid(8fef98f858887164eae003c1b52be101) Importer(815301076,1909f56bfc062723c751e8b465ee728b)
Start importing Assets/Sprites/Explosion/Explosion_00073.png using Guid(8fef98f858887164eae003c1b52be101) Importer(815301076,1909f56bfc062723c751e8b465ee728b)  -> (artifact id: 'af6f9cf283ae08f7c407ec00c0827251') in 0.037362 seconds
Number of updated asset objects reloaded before import = 0
Number of asset objects unloaded after import = 3
========================================================================
Received Import Request.
  Time since last request: 0.000075 seconds.
  path: Assets/Sprites/Explosion/Explosion_00075.png
  artifactKey: Guid(951cc89806bfa20449bb916462a26c54) Importer(815301076,1909f56bfc062723c751e8b465ee728b)
Start importing Assets/Sprites/Explosion/Explosion_00075.png using Guid(951cc89806bfa20449bb916462a26c54) Importer(815301076,1909f56bfc062723c751e8b465ee728b)  -> (artifact id: '3d4b30230a0015feb087343eaee8c6a1') in 0.039768 seconds
Number of updated asset objects reloaded before import = 0
Number of asset objects unloaded after import = 3
========================================================================
Received Import Request.
  Time since last request: 0.000036 seconds.
  path: Assets/Sprites/Explosion/Explosion_00081.png
  artifactKey: Guid(034f06dd303e4e840b2667034f7dae1a) Importer(815301076,1909f56bfc062723c751e8b465ee728b)
Start importing Assets/Sprites/Explosion/Explosion_00081.png using Guid(034f06dd303e4e840b2667034f7dae1a) Importer(815301076,1909f56bfc062723c751e8b465ee728b)  -> (artifact id: 'b979b030cf1aed72f6a1f5281d390410') in 0.034655 seconds
Number of updated asset objects reloaded before import = 0
Number of asset objects unloaded after import = 3
========================================================================
Received Import Request.
  Time since last request: 0.000066 seconds.
  path: Assets/Sprites/Explosion/Explosion_00085.png
  artifactKey: Guid(211dc41141022794e8bc13643c37a137) Importer(815301076,1909f56bfc062723c751e8b465ee728b)
Start importing Assets/Sprites/Explosion/Explosion_00085.png using Guid(211dc41141022794e8bc13643c37a137) Importer(815301076,1909f56bfc062723c751e8b465ee728b)  -> (artifact id: 'a4c1782d124f5d8e520533eb77b03644') in 0.038111 seconds
Number of updated asset objects reloaded before import = 0
Number of asset objects unloaded after import = 3
========================================================================
Received Import Request.
  Time since last request: 0.000031 seconds.
  path: Assets/Sprites/Explosion/Explosion_00090.png
  artifactKey: Guid(ceb4735c74f67e946849d9b0bc7854ed) Importer(815301076,1909f56bfc062723c751e8b465ee728b)
Start importing Assets/Sprites/Explosion/Explosion_00090.png using Guid(ceb4735c74f67e946849d9b0bc7854ed) Importer(815301076,1909f56bfc062723c751e8b465ee728b)  -> (artifact id: 'a06ba7329b6830d01db83e4a6772cda8') in 0.027894 seconds
Number of updated asset objects reloaded before import = 0
Number of asset objects unloaded after import = 3
========================================================================
Received Import Request.
  Time since last request: 0.000021 seconds.
  path: Assets/Sprites/Explosion/Explosion_00095.png
  artifactKey: Guid(33fbe7daabb65f64da56fe6fd822167f) Importer(815301076,1909f56bfc062723c751e8b465ee728b)
Start importing Assets/Sprites/Explosion/Explosion_00095.png using Guid(33fbe7daabb65f64da56fe6fd822167f) Importer(815301076,1909f56bfc062723c751e8b465ee728b)  -> (artifact id: '2e4e6f54b452e79088329f350250f2f1') in 0.031490 seconds
Number of updated asset objects reloaded before import = 0
Number of asset objects unloaded after import = 3
========================================================================
Received Import Request.
  Time since last request: 0.475094 seconds.
  path: Assets/Sprites/Explosion/Explosion_00099.png
  artifactKey: Guid(0486e708444a405458ff64673eb8e45f) Importer(815301076,1909f56bfc062723c751e8b465ee728b)
Start importing Assets/Sprites/Explosion/Explosion_00099.png using Guid(0486e708444a405458ff64673eb8e45f) Importer(815301076,1909f56bfc062723c751e8b465ee728b)  -> (artifact id: 'ee2b4d5b6e5921c7e071343042e6953f') in 0.031103 seconds
Number of updated asset objects reloaded before import = 0
Number of asset objects unloaded after import = 3
========================================================================
Received Import Request.
  Time since last request: 0.043115 seconds.
  path: Assets/Sprites/Explosion/Explosion_00107.png
  artifactKey: Guid(b9fba508d6d0cd74f9895aea2b651a03) Importer(815301076,1909f56bfc062723c751e8b465ee728b)
Start importing Assets/Sprites/Explosion/Explosion_00107.png using Guid(b9fba508d6d0cd74f9895aea2b651a03) Importer(815301076,1909f56bfc062723c751e8b465ee728b)  -> (artifact id: '856738c3517a7a4ff3f2dac492c2429e') in 0.036333 seconds
Number of updated asset objects reloaded before import = 0
Number of asset objects unloaded after import = 3
========================================================================
Received Import Request.
  Time since last request: 0.000028 seconds.
  path: Assets/Sprites/Explosion/Explosion_00114.png
  artifactKey: Guid(170ca70d223232a4480a865b70a58101) Importer(815301076,1909f56bfc062723c751e8b465ee728b)
Start importing Assets/Sprites/Explosion/Explosion_00114.png using Guid(170ca70d223232a4480a865b70a58101) Importer(815301076,1909f56bfc062723c751e8b465ee728b)  -> (artifact id: '19886e2ced15c43393c7c0f8fd92c683') in 0.032704 seconds
Number of updated asset objects reloaded before import = 0
Number of asset objects unloaded after import = 3
========================================================================
Received Import Request.
  Time since last request: 0.000311 seconds.
  path: Assets/Sprites/Explosion/Explosion_00119.png
  artifactKey: Guid(609b7348980beac42a533fde6a9340b1) Importer(815301076,1909f56bfc062723c751e8b465ee728b)
Start importing Assets/Sprites/Explosion/Explosion_00119.png using Guid(609b7348980beac42a533fde6a9340b1) Importer(815301076,1909f56bfc062723c751e8b465ee728b)  -> (artifact id: '642ba9e22f3cdd387135ba008294ea6f') in 0.031881 seconds
Number of updated asset objects reloaded before import = 0
Number of asset objects unloaded after import = 3
========================================================================
Received Import Request.
  Time since last request: 0.174631 seconds.
  path: Assets/Sprites/Explosion/Explosion_00127.png
  artifactKey: Guid(3f9f449c9deed634b82589826296198b) Importer(815301076,1909f56bfc062723c751e8b465ee728b)
Start importing Assets/Sprites/Explosion/Explosion_00127.png using Guid(3f9f449c9deed634b82589826296198b) Importer(815301076,1909f56bfc062723c751e8b465ee728b)  -> (artifact id: '0b272cf2f022f96742f6e5f84f10773d') in 0.023104 seconds
Number of updated asset objects reloaded before import = 0
Number of asset objects unloaded after import = 3
========================================================================
Received Import Request.
  Time since last request: 0.288267 seconds.
  path: Assets/Sprites/Explosion/Explosion_00131.png
  artifactKey: Guid(2120216cf3fa84f4dbdfea16b54f07e9) Importer(815301076,1909f56bfc062723c751e8b465ee728b)
Start importing Assets/Sprites/Explosion/Explosion_00131.png using Guid(2120216cf3fa84f4dbdfea16b54f07e9) Importer(815301076,1909f56bfc062723c751e8b465ee728b)  -> (artifact id: '8c59c79c50b2a8a9c19d31d3d6c5870f') in 0.030344 seconds
Number of updated asset objects reloaded before import = 0
Number of asset objects unloaded after import = 3
========================================================================
Received Import Request.
  Time since last request: 0.051739 seconds.
  path: Assets/Sprites/Explosion/Explosion_00135.png
  artifactKey: Guid(a8c5b21b148f988459d9e3d8c057bca8) Importer(815301076,1909f56bfc062723c751e8b465ee728b)
Start importing Assets/Sprites/Explosion/Explosion_00135.png using Guid(a8c5b21b148f988459d9e3d8c057bca8) Importer(815301076,1909f56bfc062723c751e8b465ee728b)  -> (artifact id: 'f6b2627ff1e821c86cfd696966605b15') in 0.042571 seconds
Number of updated asset objects reloaded before import = 0
Number of asset objects unloaded after import = 3
========================================================================
Received Import Request.
  Time since last request: 0.000042 seconds.
  path: Assets/Sprites/Explosion/Explosion_00139.png
  artifactKey: Guid(d881c8d98a17ef946842c75c7c03910a) Importer(815301076,1909f56bfc062723c751e8b465ee728b)
Start importing Assets/Sprites/Explosion/Explosion_00139.png using Guid(d881c8d98a17ef946842c75c7c03910a) Importer(815301076,1909f56bfc062723c751e8b465ee728b)  -> (artifact id: 'c14f2084d82646f863595040fd676bce') in 0.030752 seconds
Number of updated asset objects reloaded before import = 0
Number of asset objects unloaded after import = 3
========================================================================
Received Import Request.
  Time since last request: 0.598833 seconds.
  path: Assets/Sprites/Explosion/Explosion_00155.png
  artifactKey: Guid(dfebc3e0be333b348809d9a658e93150) Importer(815301076,1909f56bfc062723c751e8b465ee728b)
Start importing Assets/Sprites/Explosion/Explosion_00155.png using Guid(dfebc3e0be333b348809d9a658e93150) Importer(815301076,1909f56bfc062723c751e8b465ee728b)  -> (artifact id: 'a78e41fd0a5d3cdd402d2e4c858bbfba') in 0.029400 seconds
Number of updated asset objects reloaded before import = 0
Number of asset objects unloaded after import = 3
Editor requested this worker to shutdown with reason: Scaling down because of idle timeout
TcpMessagingSession - receive error: operation aborted. errorcode: 995, details: The I/O operation has been aborted because of either a thread exit or an application request.
AssetImportWorker is now disconnected from the server
Process exiting
Exiting without the bug reporter. Application will terminate with return code 0